<?xml version="1.0" encoding="UTF-8" ?>
<testsuite tests="31" failures="0" name="testRunner.TestRunner" time="5.251" errors="0" skipped="0">
  <properties>
    <property name="java.runtime.name" value="Java(TM) SE Runtime Environment"/>
    <property name="java.vm.version" value="16.0.2+7-67"/>
    <property name="sun.boot.library.path" value="C:\Program Files\Java\jdk-16.0.2\bin"/>
    <property name="maven.multiModuleProjectDirectory" value="C:\Users\vkarthik1\Desktop\Automation\SDET_Automation\Eclipse\API_BDD_Framework"/>
    <property name="java.vm.vendor" value="Oracle Corporation"/>
    <property name="java.vendor.url" value="https://java.oracle.com/"/>
    <property name="guice.disable.misplaced.annotation.check" value="true"/>
    <property name="path.separator" value=";"/>
    <property name="java.vm.name" value="Java HotSpot(TM) 64-Bit Server VM"/>
    <property name="sun.os.patch.level" value=""/>
    <property name="user.script" value=""/>
    <property name="user.country" value="IN"/>
    <property name="sun.java.launcher" value="SUN_STANDARD"/>
    <property name="java.vm.specification.name" value="Java Virtual Machine Specification"/>
    <property name="user.dir" value="C:\Users\vkarthik1\Desktop\Automation\SDET_Automation\Eclipse\API_BDD_Framework"/>
    <property name="java.vm.compressedOopsMode" value="Zero based"/>
    <property name="java.runtime.version" value="16.0.2+7-67"/>
    <property name="os.arch" value="amd64"/>
    <property name="java.io.tmpdir" value="C:\Users\VKARTH~1\AppData\Local\Temp\"/>
    <property name="line.separator" value="
"/>
    <property name="java.vm.specification.vendor" value="Oracle Corporation"/>
    <property name="user.variant" value=""/>
    <property name="os.name" value="Windows 10"/>
    <property name="classworlds.conf" value="C:\Program Files\ApacheMaven-3.8.6\bin\m2.conf"/>
    <property name="sun.jnu.encoding" value="Cp1252"/>
    <property name="java.library.path" value="C:\Program Files\Java\jdk-16.0.2\bin;C:\Windows\Sun\Java\bin;C:\Windows\system32;C:\Windows;C:\Program Files\Common Files\Oracle\Java\javapath;C:\Program Files (x86)\Common Files\Oracle\Java\javapath;C:\Windows\system32;C:\Windows;C:\Windows\System32\Wbem;C:\Windows\System32\WindowsPowerShell\v1.0\;C:\Windows\System32\OpenSSH\;C:\Program Files\Java\jdk-16.0.2\bin;C:\Users\vkarthik1\AppData\Local\Android\Sdk\build-tools;C:\Users\vkarthik1\AppData\Local\Android\Sdk\platforms;C:\Users\vkarthik1\AppData\Local\Android\Sdk\platform-tools;C:\Users\vkarthik1\AppData\Local\Android\Sdk\tools;C:\Program Files (x86)\Microsoft SQL Server\160\DTS\Binn\;C:\Program Files\Azure Data Studio\bin;C:\Program Files\Microsoft SQL Server\Client SDK\ODBC\170\Tools\Binn\;C:\Program Files (x86)\Microsoft SQL Server\150\Tools\Binn\;C:\Program Files\Microsoft SQL Server\150\Tools\Binn\;C:\Program Files\Microsoft SQL Server\150\DTS\Binn\;C:\Program Files (x86)\Microsoft SQL Server\150\DTS\Binn\;C:\Program Files\nodejs\;C:\Program Files\ApacheMaven-3.8.6\bin;C:\Program Files\TortoiseGit\bin;C:\Program Files\Git\cmd;C:\Users\vkarthik1\AppData\Local\Microsoft\WindowsApps;;C:\Program Files\Azure Data Studio\bin;C:\Users\vkarthik1\AppData\Roaming\npm;C:\Users\vkarthik1\AppData\Local\Programs\Microsoft VS Code\bin;."/>
    <property name="maven.conf" value="C:\Program Files\ApacheMaven-3.8.6/conf"/>
    <property name="jdk.debug" value="release"/>
    <property name="java.class.version" value="60.0"/>
    <property name="java.specification.name" value="Java Platform API Specification"/>
    <property name="sun.management.compiler" value="HotSpot 64-Bit Tiered Compilers"/>
    <property name="os.version" value="10.0"/>
    <property name="library.jansi.path" value="C:\Program Files\ApacheMaven-3.8.6\lib\jansi-native"/>
    <property name="user.home" value="C:\Users\vkarthik1"/>
    <property name="user.timezone" value="Asia/Calcutta"/>
    <property name="file.encoding" value="Cp1252"/>
    <property name="java.specification.version" value="16"/>
    <property name="user.name" value="vkarthik1"/>
    <property name="java.class.path" value="C:\Program Files\ApacheMaven-3.8.6\boot\plexus-classworlds-2.6.0.jar"/>
    <property name="java.vm.specification.version" value="16"/>
    <property name="sun.arch.data.model" value="64"/>
    <property name="sun.java.command" value="org.codehaus.plexus.classworlds.launcher.Launcher test verify"/>
    <property name="java.home" value="C:\Program Files\Java\jdk-16.0.2"/>
    <property name="user.language" value="en"/>
    <property name="java.specification.vendor" value="Oracle Corporation"/>
    <property name="java.vm.info" value="mixed mode, sharing"/>
    <property name="java.version" value="16.0.2"/>
    <property name="java.vendor" value="Oracle Corporation"/>
    <property name="sun.stderr.encoding" value="cp437"/>
    <property name="maven.home" value="C:\Program Files\ApacheMaven-3.8.6"/>
    <property name="file.separator" value="\"/>
    <property name="java.version.date" value="2021-07-20"/>
    <property name="java.vendor.url.bug" value="https://bugreport.java.com/bugreport/"/>
    <property name="sun.io.unicode.encoding" value="UnicodeLittle"/>
    <property name="sun.cpu.endian" value="little"/>
    <property name="sun.stdout.encoding" value="cp437"/>
    <property name="sun.cpu.isalist" value="amd64"/>
  </properties>
  <testcase classname="Verify EndToEnd API #1" name="AddPlace Request Payload with &quot;(+91) 999 999 9999&quot;" time="0.637"/>
  <testcase classname="Verify EndToEnd API #1" name="User hits &quot;AddPlace&quot; API with &quot;POST&quot; http request" time="1.173"/>
  <testcase classname="Verify EndToEnd API #1" name="API call response with status code 200" time="0.02"/>
  <testcase classname="Verify EndToEnd API #1" name="Validate Response Payload &quot;status&quot; is &quot;OK&quot;" time="0.672"/>
  <testcase classname="Verify EndToEnd API #1" name="Get Response Payload &quot;place_id&quot; value" time="0.014"/>
  <testcase classname="Verify EndToEnd API #1" name="DeletePlace Request Payload" time="0.001"/>
  <testcase classname="Verify EndToEnd API #1" name="User hits &quot;DeletePlace&quot; API with &quot;delete&quot; http request" time="0.682"/>
  <testcase classname="Verify EndToEnd API #1" name="API call response with status code 200" time="0.001"/>
  <testcase classname="Verify EndToEnd API #1" name="Validate Response Payload &quot;status&quot; is &quot;OK&quot;" time="0.009"/>
  <testcase classname="Verify EndToEnd API #1" name="Verify EndToEnd API #1" time="0.014"/>
  <testcase classname="Verify EndToEnd API #2" name="AddPlace Request Payload with &quot;(+91) 111 111 1111&quot;" time="0.001"/>
  <testcase classname="Verify EndToEnd API #2" name="User hits &quot;AddPlace&quot; API with &quot;POST&quot; http request" time="0.186"/>
  <testcase classname="Verify EndToEnd API #2" name="API call response with status code 200" time="0.001"/>
  <testcase classname="Verify EndToEnd API #2" name="Validate Response Payload &quot;status&quot; is &quot;OK&quot;" time="0.011"/>
  <testcase classname="Verify EndToEnd API #2" name="Get Response Payload &quot;place_id&quot; value" time="0.008"/>
  <testcase classname="Verify EndToEnd API #2" name="DeletePlace Request Payload" time="0.001"/>
  <testcase classname="Verify EndToEnd API #2" name="User hits &quot;DeletePlace&quot; API with &quot;delete&quot; http request" time="0.518"/>
  <testcase classname="Verify EndToEnd API #2" name="API call response with status code 200" time="0.001"/>
  <testcase classname="Verify EndToEnd API #2" name="Validate Response Payload &quot;status&quot; is &quot;OK&quot;" time="0.009"/>
  <testcase classname="Verify EndToEnd API #2" name="Verify EndToEnd API #2" time="0.01"/>
  <testcase classname="Verify DeletePlace API" name="DeletePlace Request Payload" time="0.001"/>
  <testcase classname="Verify DeletePlace API" name="User hits &quot;DeletePlace&quot; API with &quot;delete&quot; http request" time="0.508"/>
  <testcase classname="Verify DeletePlace API" name="API call response with status code 200" time="0.002"/>
  <testcase classname="Verify DeletePlace API" name="Validate Response Payload &quot;status&quot; is &quot;OK&quot;" time="0.01"/>
  <testcase classname="Verify DeletePlace API" name="Verify DeletePlace API" time="0.01"/>
  <testcase classname="Verify AddPlace API" name="AddPlace Request Payload with &quot;(+91) 999 999 9999&quot;" time="0"/>
  <testcase classname="Verify AddPlace API" name="User hits &quot;AddPlace&quot; API with &quot;POST&quot; http request" time="0.203"/>
  <testcase classname="Verify AddPlace API" name="API call response with status code 200" time="0.001"/>
  <testcase classname="Verify AddPlace API" name="Validate Response Payload &quot;status&quot; is &quot;OK&quot;" time="0.007"/>
  <testcase classname="Verify AddPlace API" name="Get Response Payload &quot;place_id&quot; value" time="0.008"/>
  <testcase classname="Verify AddPlace API" name="Verify AddPlace API" time="0.532"/>
</testsuite>